2023-07-07 02:24:22 | ERROR | 404 page
2023-07-07 02:41:52 | INFO | Running on port 5000
2023-07-07 02:42:41 | INFO | Running on port 5000
2023-07-07 02:42:53 | INFO | Running on port 5000
2023-07-07 03:07:17 | INFO | Running on port 5000
2023-07-07 03:07:50 | ERROR | 404 page
2023-07-07 03:08:55 | INFO | Running on port 5000
2023-07-07 03:08:56 | ERROR | 404 page
2023-07-07 03:09:09 | ERROR | 404 page
2023-07-07 03:09:24 | ERROR | 404 page
2023-07-07 03:09:29 | ERROR | 404 page
2023-07-07 03:20:28 | INFO | Running on port 5000
2023-07-07 03:21:34 | INFO | Running on port 5000
2023-07-07 04:54:05 | INFO | Running on port 5000
2023-07-07 04:54:57 | INFO | Running on port 5000
2023-07-07 05:06:42 | INFO | Running on port 5000
2023-07-07 05:06:59 | INFO | Running on port 5000
2023-07-07 05:10:16 | INFO | Running on port 5000
2023-07-07 05:12:51 | INFO | Running on port 5000
2023-07-07 05:13:37 | INFO | Running on port 5000
2023-07-07 05:14:27 | INFO | Running on port 5000
2023-07-07 05:18:19 | INFO | Running on port 5000
2023-07-07 05:18:55 | INFO | Running on port 5000
2023-07-07 05:19:45 | INFO | Running on port 5000
2023-07-07 05:19:51 | INFO | Running on port 5000
2023-07-07 05:20:50 | INFO | Running on port 5000
2023-07-07 05:26:32 | INFO | Running on port 5000
2023-07-07 05:26:39 | INFO | Running on port 5000
2023-07-07 05:30:31 | INFO | Running on port 5000
2023-07-07 05:31:14 | INFO | Running on port 5000
2023-07-07 05:31:44 | INFO | Running on port 5000
2023-07-07 05:34:38 | INFO | Running on port 5000
2023-07-07 05:34:49 | INFO | Running on port 5000
2023-07-07 05:35:20 | INFO | Running on port 5000
2023-07-07 05:35:28 | INFO | Running on port 5000
2023-07-07 05:35:50 | INFO | 404 page
2023-07-07 05:37:41 | INFO | Running on port 5000
2023-07-07 05:38:21 | INFO | Running on port 5000
2023-07-07 05:41:04 | INFO | Running on port 5000
2023-07-07 05:41:49 | INFO | Running on port 5000
2023-07-07 05:42:37 | INFO | Running on port 5000
2023-07-07 05:43:26 | INFO | Running on port 5000
2023-07-07 05:44:07 | INFO | Running on port 5000
2023-07-07 05:51:07 | INFO | Running on port 5000
2023-07-07 05:53:13 | INFO | Running on port 5000
2023-07-07 05:54:19 | INFO | Running on port 5000
2023-07-07 05:54:23 | INFO | Running on port 5000
2023-07-07 05:57:18 | INFO | Running on port 5000
2023-07-07 05:59:03 | INFO | Running on port 5000
2023-07-07 06:01:13 | INFO | Running on port 5000
2023-07-07 06:01:59 | INFO | Running on port 5000
2023-07-07 06:03:08 | INFO | Running on port 5000
2023-07-07 06:04:20 | INFO | Running on port 5000
2023-07-07 06:05:37 | INFO | Running on port 5000
2023-07-07 18:53:25 | INFO | Running on port 5000
2023-07-07 18:54:20 | INFO | Running on port 5000
2023-07-07 18:55:37 | INFO | Running on port 5000
2023-07-07 18:57:40 | INFO | Running on port 5000
2023-07-07 18:58:40 | INFO | Running on port 5000
2023-07-07 19:01:20 | INFO | Running on port 5000
2023-07-07 19:02:16 | INFO | Running on port 5000
2023-07-07 19:05:41 | INFO | Running on port 5000
2023-07-07 19:06:58 | INFO | Running on port 5000
2023-07-07 19:07:25 | INFO | Running on port 5000
2023-07-07 19:08:12 | INFO | Running on port 5000
2023-07-07 19:10:02 | INFO | Running on port 5000
2023-07-07 19:11:06 | INFO | Running on port 5000
2023-07-07 19:12:07 | INFO | Running on port 5000
2023-07-07 19:13:16 | INFO | Running on port 5000
2023-07-07 19:13:57 | INFO | Running on port 5000
2023-07-07 19:14:43 | INFO | Running on port 5000
2023-07-07 19:15:44 | INFO | Running on port 5000
2023-07-07 19:17:05 | INFO | Running on port 5000
2023-07-07 19:17:25 | INFO | Running on port 5000
2023-07-07 19:27:55 | INFO | Running on port 5000
2023-07-07 19:28:01 | INFO | Running on port 5000
2023-07-07 19:28:37 | INFO | Running on port 5000
2023-07-07 19:28:40 | INFO | Running on port 5000
2023-07-07 19:28:44 | INFO | Running on port 5000
2023-07-07 19:28:46 | INFO | Running on port 5000
2023-07-07 19:33:21 | INFO | Running on port 5000
2023-07-07 19:33:24 | INFO | Running on port 5000
2023-07-07 19:33:33 | INFO | Running on port 5000
2023-07-07 19:33:39 | INFO | Running on port 5000
2023-07-07 19:33:43 | INFO | Running on port 5000
2023-07-07 19:33:57 | INFO | Running on port 5000
2023-07-07 19:34:03 | INFO | Running on port 5000
2023-07-07 19:34:15 | INFO | Running on port 5000
2023-07-07 19:34:19 | INFO | Running on port 5000
2023-07-07 19:34:24 | INFO | Running on port 5000
2023-07-07 19:34:36 | INFO | Running on port 5000
2023-07-07 19:34:41 | INFO | Running on port 5000
2023-07-07 19:34:51 | INFO | Running on port 5000
2023-07-07 19:34:58 | INFO | Running on port 5000
2023-07-07 19:35:09 | INFO | Running on port 5000
2023-07-07 19:35:48 | INFO | Running on port 5000
2023-07-07 19:36:35 | INFO | Running on port 5000
2023-07-07 19:36:39 | INFO | Running on port 5000
2023-07-08 12:24:28 | INFO | Running on port 5000
2023-07-08 12:26:56 | INFO | Running on port 5000
2023-07-08 12:34:04 | INFO | Running on port 5000
2023-07-08 12:35:00 | INFO | Running on port 5000
2023-07-08 12:35:07 | INFO | Running on port 5000
2023-07-08 12:35:10 | INFO | Running on port 5000
2023-07-08 12:36:06 | INFO | Running on port 5000
2023-07-08 12:36:08 | INFO | 404 page
2023-07-08 12:36:20 | INFO | Running on port 5000
2023-07-08 12:38:12 | INFO | Running on port 5000
2023-07-08 12:38:31 | INFO | Running on port 5000
2023-07-08 12:38:57 | INFO | Running on port 5000
2023-07-08 12:39:07 | INFO | Running on port 5000
2023-07-08 12:41:45 | INFO | Running on port 5000
2023-07-08 12:42:11 | INFO | Running on port 5000
2023-07-08 12:42:30 | INFO | Running on port 5000
2023-07-08 12:42:33 | INFO | Running on port 5000
2023-07-08 12:44:20 | INFO | Running on port 5000
2023-07-08 12:44:27 | INFO | Running on port 5000
2023-07-08 12:44:41 | INFO | Running on port 5000
2023-07-08 12:44:55 | INFO | Running on port 5000
2023-07-08 12:44:59 | INFO | Running on port 5000
2023-07-08 12:45:16 | INFO | Running on port 5000
2023-07-08 12:45:29 | INFO | Running on port 5000
2023-07-08 12:45:32 | INFO | Running on port 5000
2023-07-08 12:45:35 | INFO | Running on port 5000
2023-07-08 12:45:37 | INFO | Running on port 5000
2023-07-08 12:46:12 | INFO | Running on port 5000
2023-07-08 12:46:26 | INFO | Running on port 5000
2023-07-08 12:46:40 | INFO | Running on port 5000
2023-07-08 12:46:45 | INFO | Running on port 5000
2023-07-08 12:46:49 | INFO | Running on port 5000
2023-07-08 12:46:52 | INFO | Running on port 5000
2023-07-08 12:47:05 | INFO | Running on port 5000
2023-07-08 12:47:08 | INFO | Running on port 5000
2023-07-08 12:49:49 | INFO | Running on port 5000
2023-07-08 12:50:11 | INFO | Running on port 5000
2023-07-08 12:50:57 | INFO | Running on port 5000
2023-07-08 12:51:13 | INFO | Running on port 5000
2023-07-08 12:51:15 | INFO | Running on port 5000
2023-07-08 12:51:18 | INFO | Running on port 5000
2023-07-08 12:59:32 | 1688813972229 | INFO | Running on port 5000
2023-07-08 13:00:22 | ID- 1688814022150 | INFO | Running on port 5000
2023-07-08 13:00:25 | ID - 1688814025217 | INFO | Running on port 5000
2023-07-08 13:00:32 | ErrorID - 1688814032414 | INFO | Running on port 5000
2023-07-08 13:00:45 | MID - 1688814045513 | INFO | Running on port 5000
2023-07-08 13:00:48 | MsgID - 1688814048069 | INFO | Running on port 5000
2023-07-08 13:06:55 | MsgID - 1688814415432 | INFO | Running on port 5000
2023-07-08 13:08:47 | MsgID - 1688814527218 | INFO | Running on port 5000
2023-07-08 13:09:53 | MsgID - 1688814593332 | INFO | Running on port 5000
2023-07-08 13:09:56 | MsgID - 1688814596582 | INFO | Running on port 5000
2023-07-08 13:10:04 | MsgID - 1688814604812 | INFO | Running on port 5000
2023-07-08 13:10:08 | MsgID - 1688814608410 | INFO | Running on port 5000
2023-07-08 13:10:10 | MsgID - 1688814610972 | INFO | Running on port 5000
2023-07-08 13:10:17 | MsgID - 1688814617402 | INFO | Running on port 5000
2023-07-08 13:10:23 | MsgID - 1688814623442 | INFO | Running on port 5000
2023-07-08 13:10:29 | MsgID - 1688814629037 | INFO | Running on port 5000
2023-07-08 13:10:33 | MsgID - 1688814633578 | INFO | Running on port 5000
2023-07-08 13:10:36 | MsgID - 1688814636109 | INFO | Running on port 5000
2023-07-08 13:10:41 | MsgID - 1688814641070 | INFO | Running on port 5000
2023-07-08 13:10:59 | MsgID - 1688814659752 | INFO | Running on port 5000
2023-07-08 13:12:12 | MsgID - 1688814732665 | INFO | Running on port 5000
2023-07-08 13:12:36 | MsgID - 1688814756436 | INFO | Running on port 5000
2023-07-08 13:12:44 | MsgID - 1688814764975 | INFO | Running on port 5000
2023-07-08 13:13:12 | MsgID - 1688814792532 | INFO | Running on port 5000
2023-07-08 13:13:19 | MsgID - 1688814799034 | INFO | Running on port 5000
2023-07-08 13:13:27 | MsgID - 1688814807935 | INFO | Running on port 5000
2023-07-08 13:13:33 | MsgID - 1688814813241 | INFO | Running on port 5000
2023-07-08 13:13:37 | MsgID - 1688814817829 | INFO | Running on port 5000
2023-07-08 13:13:42 | MsgID - 1688814822601 | INFO | Running on port 5000
2023-07-08 13:14:27 | MsgID - 1688814867665 | INFO | Running on port 5000
2023-07-08 13:14:34 | MsgID - 1688814874167 | INFO | Running on port 5000
2023-07-08 13:15:16 | MsgID - 1688814916306 | INFO | Running on port 5000
2023-07-08 13:16:31 | MsgID - 1688814991381 | INFO | Running on port 5000
2023-07-08 13:17:21 | MsgID - 1688815041725 | INFO | Running on port 5000
2023-07-08 13:17:45 | MsgID - 1688815065374 | INFO | Running on port 5000
2023-07-08 13:17:47 | MsgID - 1688815067308 | INFO | Running on port 5000
2023-07-08 13:17:52 | MsgID - 1688815072612 | INFO | Running on port 5000
2023-07-08 13:17:57 | MsgID - 1688815077183 | INFO | Running on port 5000
2023-07-08 13:18:04 | MsgID - 1688815084601 | INFO | Running on port 5000
2023-07-08 13:18:09 | MsgID - 1688815089654 | INFO | Running on port 5000
2023-07-08 13:18:57 | MsgID - 1688815137603 | INFO | Running on port 5000
2023-07-08 13:19:27 | MsgID - 1688815167235 | INFO | Running on port 5000
2023-07-08 13:19:48 | MsgID - 1688815188829 | INFO | Running on port 5000
2023-07-08 13:19:53 | MsgID - 1688815193346 | INFO | Running on port 5000
2023-07-08 13:19:57 | MsgID - 1688815197258 | INFO | Running on port 5000
2023-07-08 13:20:08 | MsgID - 1688815208190 | INFO | Running on port 5000
2023-07-08 13:20:11 | MsgID - 1688815211130 | INFO | Running on port 5000
2023-07-08 13:20:27 | MsgID - 1688815227996 | INFO | Running on port 5000
2023-07-08 13:20:46 | MsgID - 1688815246967 | INFO | Running on port 5000
2023-07-08 13:21:12 | MsgID - 1688815272064 | INFO | Running on port 5000
2023-07-08 13:21:42 | MsgID - 1688815302580 | INFO | Running on port 5000
2023-07-08 13:21:49 | MsgID - 1688815309495 | INFO | Running on port 5000
2023-07-08 13:22:02 | MsgID - 1688815322285 | INFO | Running on port 5000
2023-07-08 13:24:50 | MsgID - 1688815490904 | INFO | Running on port 5000
2023-07-08 13:24:56 | MsgID - 1688815496243 | INFO | Running on port 5000
2023-07-08 13:25:12 | MsgID - 1688815512742 | INFO | Running on port 5000
2023-07-08 13:25:15 | MsgID - 1688815515703 | INFO | Running on port 5000
2023-07-08 13:25:20 | MsgID - 1688815520882 | INFO | Running on port 5000
2023-07-08 13:25:38 | MsgID - 1688815538216 | INFO | Running on port 5000
2023-07-08 13:26:08 | MsgID - 1688815568989 | INFO | Running on port 5000
2023-07-08 13:26:11 | MsgID - 1688815571941 | INFO | Running on port 5000
2023-07-08 13:26:14 | MsgID - 1688815574431 | INFO | Running on port 5000
2023-07-08 13:26:48 | MsgID - 1688815608802 | INFO | Running on port 5000
2023-07-08 13:26:50 | MsgID - 1688815610660 | INFO | Running on port 5000
2023-07-08 13:27:14 | MsgID - 1688815634623 | INFO | Running on port 5000
2023-07-08 13:27:56 | MsgID - 1688815676972 | INFO | Running on port 5000
2023-07-08 13:28:09 | MsgID - 1688815689731 | INFO | Running on port 5000
2023-07-08 13:28:39 | MsgID - 1688815719199 | INFO | Running on port 5000
2023-07-08 13:29:03 | MsgID - 1688815743182 | INFO | Running on port 5000
2023-07-08 13:29:05 | MsgID - 1688815745374 | INFO | Running on port 5000
2023-07-08 13:29:10 | MsgID - 1688815750186 | INFO | Running on port 5000
2023-07-08 13:29:16 | MsgID - 1688815756755 | INFO | Running on port 5000
2023-07-08 13:29:16 | MsgID - 1688815756791 | INFO | 
2023-07-08 13:29:20 | MsgID - 1688815760982 | INFO | Running on port 5000
2023-07-08 13:29:21 | MsgID - 1688815761076 | INFO | connected 
2023-07-08 13:29:24 | MsgID - 1688815764063 | INFO | Running on port 5000
2023-07-08 13:29:24 | MsgID - 1688815764106 | INFO | connected to 
2023-07-08 13:29:27 | MsgID - 1688815767411 | INFO | Running on port 5000
2023-07-08 13:29:27 | MsgID - 1688815767462 | INFO | connected to DB
2023-07-08 13:29:34 | MsgID - 1688815774837 | INFO | Running on port 5000
2023-07-08 13:29:34 | MsgID - 1688815774880 | INFO | connected to DB
2023-07-08 13:29:37 | MsgID - 1688815777201 | INFO | Running on port 5000
2023-07-08 13:29:37 | MsgID - 1688815777250 | INFO | connected to DB
2023-07-08 13:29:41 | MsgID - 1688815781163 | INFO | Running on port 5000
2023-07-08 13:29:41 | MsgID - 1688815781222 | INFO | connected to DB
2023-07-08 13:29:47 | MsgID - 1688815787942 | INFO | Running on port 5000
2023-07-08 13:29:47 | MsgID - 1688815787987 | INFO | connected to DB
2023-07-08 13:29:51 | MsgID - 1688815791116 | INFO | Running on port 5000
2023-07-08 13:29:51 | MsgID - 1688815791192 | INFO | connected to DB
2023-07-08 13:29:54 | MsgID - 1688815794944 | INFO | Running on port 5000
2023-07-08 13:29:54 | MsgID - 1688815794986 | INFO | connected to DB
2023-07-08 13:30:43 | MsgID - 1688815843937 | INFO | Running on port 5000
2023-07-08 13:30:45 | MsgID - 1688815845419 | INFO | Running on port 5000
2023-07-08 13:31:03 | MsgID - 1688815863724 | INFO | Running on port 5000
2023-07-08 13:31:06 | MsgID - 1688815866201 | INFO | Running on port 5000
2023-07-08 13:32:17 | MsgID - 1688815937576 | INFO | Running on port 5000
2023-07-08 13:32:19 | MsgID - 1688815939259 | INFO | Running on port 5000
